[debug] [2026-02-12T08:13:45.162Z] ----------------------------------------------------------------------
[debug] [2026-02-12T08:13:45.168Z] Command:       C:\Program Files\nodejs\node.exe C:\Users\lenevo\AppData\Roaming\npm\node_modules\firebase-tools\lib\bin\firebase.js deploy --only functions --force
[debug] [2026-02-12T08:13:45.169Z] CLI Version:   15.5.1
[debug] [2026-02-12T08:13:45.169Z] Platform:      win32
[debug] [2026-02-12T08:13:45.170Z] Node Version:  v24.12.0
[debug] [2026-02-12T08:13:45.170Z] Time:          Thu Feb 12 2026 13:43:45 GMT+0530 (India Standard Time)
[debug] [2026-02-12T08:13:45.170Z] ----------------------------------------------------------------------
[debug] 
[debug] [2026-02-12T08:13:50.334Z] > command requires scopes: ["email","openid","https://www.googleapis.com/auth/cloudplatformprojects.readonly","https://www.googleapis.com/auth/firebase","https://www.googleapis.com/auth/cloud-platform"]
[debug] [2026-02-12T08:13:50.335Z] > authorizing via signed-in user (stealdeals.co.in@gmail.com)
[debug] [2026-02-12T08:13:50.336Z] [iam] checking project jpcopanel for permissions ["cloudfunctions.functions.create","cloudfunctions.functions.delete","cloudfunctions.functions.get","cloudfunctions.functions.list","cloudfunctions.functions.update","cloudfunctions.operations.get","firebase.projects.get"]
[debug] [2026-02-12T08:13:50.339Z] Checked if tokens are valid: true, expires at: 1770887528064
[debug] [2026-02-12T08:13:50.339Z] Checked if tokens are valid: true, expires at: 1770887528064
[debug] [2026-02-12T08:13:50.347Z] >>> [apiv2][query] POST https://cloudresourcemanager.googleapis.com/v1/projects/jpcopanel:testIamPermissions [none]
[debug] [2026-02-12T08:13:50.348Z] >>> [apiv2][(partial)header] POST https://cloudresourcemanager.googleapis.com/v1/projects/jpcopanel:testIamPermissions  x-goog-user-project=jpcopanel
[debug] [2026-02-12T08:13:50.348Z] >>> [apiv2][body] POST https://cloudresourcemanager.googleapis.com/v1/projects/jpcopanel:testIamPermissions {"permissions":["cloudfunctions.functions.create","cloudfunctions.functions.delete","cloudfunctions.functions.get","cloudfunctions.functions.list","cloudfunctions.functions.update","cloudfunctions.operations.get","firebase.projects.get"]}
[debug] [2026-02-12T08:13:51.921Z] <<< [apiv2][status] POST https://cloudresourcemanager.googleapis.com/v1/projects/jpcopanel:testIamPermissions 200
[debug] [2026-02-12T08:13:51.921Z] <<< [apiv2][body] POST https://cloudresourcemanager.googleapis.com/v1/projects/jpcopanel:testIamPermissions {"permissions":["cloudfunctions.functions.create","cloudfunctions.functions.delete","cloudfunctions.functions.get","cloudfunctions.functions.list","cloudfunctions.functions.update","cloudfunctions.operations.get","firebase.projects.get"]}
[debug] [2026-02-12T08:13:51.922Z] Checked if tokens are valid: true, expires at: 1770887528064
[debug] [2026-02-12T08:13:51.922Z] Checked if tokens are valid: true, expires at: 1770887528064
[debug] [2026-02-12T08:13:51.922Z] >>> [apiv2][query] POST https://iam.googleapis.com/v1/projects/jpcopanel/serviceAccounts/jpcopanel@appspot.gserviceaccount.com:testIamPermissions [none]
[debug] [2026-02-12T08:13:51.922Z] >>> [apiv2][body] POST https://iam.googleapis.com/v1/projects/jpcopanel/serviceAccounts/jpcopanel@appspot.gserviceaccount.com:testIamPermissions {"permissions":["iam.serviceAccounts.actAs"]}
[debug] [2026-02-12T08:13:53.761Z] <<< [apiv2][status] POST https://iam.googleapis.com/v1/projects/jpcopanel/serviceAccounts/jpcopanel@appspot.gserviceaccount.com:testIamPermissions 200
[debug] [2026-02-12T08:13:53.761Z] <<< [apiv2][body] POST https://iam.googleapis.com/v1/projects/jpcopanel/serviceAccounts/jpcopanel@appspot.gserviceaccount.com:testIamPermissions {"permissions":["iam.serviceAccounts.actAs"]}
[info] 
[info] === Deploying to 'jpcopanel'...
[info] 
[info] i  deploying functions 
[debug] [2026-02-12T08:13:53.767Z] Checked if tokens are valid: true, expires at: 1770887528064
[debug] [2026-02-12T08:13:53.767Z] Checked if tokens are valid: true, expires at: 1770887528064
[debug] [2026-02-12T08:13:53.767Z] >>> [apiv2][query] GET https://cloudresourcemanager.googleapis.com/v1/projects/jpcopanel [none]
[debug] [2026-02-12T08:13:54.094Z] <<< [apiv2][status] GET https://cloudresourcemanager.googleapis.com/v1/projects/jpcopanel 200
[debug] [2026-02-12T08:13:54.094Z] <<< [apiv2][body] GET https://cloudresourcemanager.googleapis.com/v1/projects/jpcopanel {"projectNumber":"492450530050","projectId":"jpcopanel","lifecycleState":"ACTIVE","name":"jpcopanel","labels":{"firebase":"enabled","firebase-core":"disabled"},"createTime":"2026-01-14T09:33:34.525845Z"}
[info] i  functions: preparing codebase default for deployment 
[info] i  functions: ensuring required API cloudfunctions.googleapis.com is enabled... 
[info] i  functions: ensuring required API cloudbuild.googleapis.com is enabled... 
[info] i  artifactregistry: ensuring required API artifactregistry.googleapis.com is enabled... 
[debug] [2026-02-12T08:13:54.098Z] Checked if tokens are valid: true, expires at: 1770887528064
[debug] [2026-02-12T08:13:54.098Z] Checked if tokens are valid: true, expires at: 1770887528064
[debug] [2026-02-12T08:13:54.098Z] >>> [apiv2][query] GET https://firebase.googleapis.com/v1beta1/projects/jpcopanel/adminSdkConfig [none]
[debug] [2026-02-12T08:13:55.151Z] <<< [apiv2][status] GET https://firebase.googleapis.com/v1beta1/projects/jpcopanel/adminSdkConfig 200
[debug] [2026-02-12T08:13:55.151Z] <<< [apiv2][body] GET https://firebase.googleapis.com/v1beta1/projects/jpcopanel/adminSdkConfig {"projectId":"jpcopanel","storageBucket":"jpcopanel.firebasestorage.app"}
[debug] [2026-02-12T08:13:55.153Z] Validating nodejs source
[debug] [2026-02-12T08:13:58.529Z] > [functions] package.json contents: {
  "name": "functions",
  "scripts": {
    "lint": "eslint --ext .js,.ts .",
    "build": "tsc",
    "build:watch": "tsc --watch",
    "serve": "npm run build && firebase emulators:start --only functions",
    "shell": "npm run build && firebase functions:shell",
    "start": "npm run shell",
    "deploy": "firebase deploy --only functions",
    "logs": "firebase functions:log"
  },
  "engines": {
    "node": "24"
  },
  "main": "lib/index.js",
  "dependencies": {
    "firebase-admin": "^13.6.0",
    "firebase-functions": "^7.0.0"
  },
  "devDependencies": {
    "@typescript-eslint/eslint-plugin": "^5.12.0",
    "@typescript-eslint/parser": "^5.12.0",
    "eslint": "^8.9.0",
    "eslint-config-google": "^0.14.0",
    "eslint-plugin-import": "^2.25.4",
    "firebase-functions-test": "^3.4.1",
    "typescript": "^5.7.3"
  },
  "private": true
}
[debug] [2026-02-12T08:13:58.529Z] Building nodejs source
[info] i  functions: Loading and analyzing source code for codebase default to determine what to deploy 
[debug] [2026-02-12T08:13:58.532Z] Could not find functions.yaml. Must use http discovery
[debug] [2026-02-12T08:13:58.569Z] Found firebase-functions binary at 'D:\jpcopanel\functions\node_modules\.bin\firebase-functions'
[info] Serving at port 8165

[debug] [2026-02-12T08:14:01.021Z] Got response from /__/functions.yaml {"endpoints":{"sendPushNotification":{"availableMemoryMb":null,"timeoutSeconds":null,"minInstances":null,"maxInstances":10,"ingressSettings":null,"concurrency":null,"serviceAccountEmail":null,"vpc":null,"platform":"gcfv2","region":["asia-south2"],"labels":{},"eventTrigger":{"eventType":"google.cloud.firestore.document.v1.created","eventFilters":{"database":"(default)","namespace":"(default)"},"eventFilterPathPatterns":{"document":"notifications/{notificationId}"},"retry":false},"entryPoint":"sendPushNotification"},"cleanupOldNotifications":{"availableMemoryMb":null,"timeoutSeconds":null,"minInstances":null,"maxInstances":10,"ingressSettings":null,"concurrency":null,"serviceAccountEmail":null,"vpc":null,"platform":"gcfv2","region":["asia-south1"],"labels":{},"scheduleTrigger":{"schedule":"every 24 hours","retryConfig":{}},"entryPoint":"cleanupOldNotifications"},"updateFCMToken":{"availableMemoryMb":null,"timeoutSeconds":null,"minInstances":null,"maxInstances":10,"ingressSettings":null,"concurrency":null,"serviceAccountEmail":null,"vpc":null,"platform":"gcfv2","region":["asia-south2"],"labels":{},"callableTrigger":{},"entryPoint":"updateFCMToken"},"sendTestNotification":{"availableMemoryMb":null,"timeoutSeconds":null,"minInstances":null,"maxInstances":10,"ingressSettings":null,"concurrency":null,"serviceAccountEmail":null,"vpc":null,"platform":"gcfv2","region":["asia-south2"],"labels":{},"callableTrigger":{},"entryPoint":"sendTestNotification"}},"specVersion":"v1alpha1","requiredAPIs":[{"api":"cloudscheduler.googleapis.com","reason":"Needed for scheduled functions."}],"extensions":{}}
[info] i  extensions: ensuring required API firebaseextensions.googleapis.com is enabled... 
[debug] [2026-02-12T08:14:05.088Z] > command requires scopes: ["email","openid","https://www.googleapis.com/auth/cloudplatformprojects.readonly","https://www.googleapis.com/auth/firebase","https://www.googleapis.com/auth/cloud-platform"]
[debug] [2026-02-12T08:14:05.088Z] > authorizing via signed-in user (stealdeals.co.in@gmail.com)
[debug] [2026-02-12T08:14:05.089Z] [iam] checking project jpcopanel for permissions ["firebase.projects.get","firebaseextensions.instances.list"]
[debug] [2026-02-12T08:14:05.089Z] Checked if tokens are valid: true, expires at: 1770887528064
[debug] [2026-02-12T08:14:05.089Z] Checked if tokens are valid: true, expires at: 1770887528064
[debug] [2026-02-12T08:14:05.090Z] >>> [apiv2][query] POST https://cloudresourcemanager.googleapis.com/v1/projects/jpcopanel:testIamPermissions [none]
[debug] [2026-02-12T08:14:05.090Z] >>> [apiv2][(partial)header] POST https://cloudresourcemanager.googleapis.com/v1/projects/jpcopanel:testIamPermissions  x-goog-user-project=jpcopanel
[debug] [2026-02-12T08:14:05.090Z] >>> [apiv2][body] POST https://cloudresourcemanager.googleapis.com/v1/projects/jpcopanel:testIamPermissions {"permissions":["firebase.projects.get","firebaseextensions.instances.list"]}
[debug] [2026-02-12T08:14:06.489Z] <<< [apiv2][status] POST https://cloudresourcemanager.googleapis.com/v1/projects/jpcopanel:testIamPermissions 200
[debug] [2026-02-12T08:14:06.490Z] <<< [apiv2][body] POST https://cloudresourcemanager.googleapis.com/v1/projects/jpcopanel:testIamPermissions {"permissions":["firebase.projects.get","firebaseextensions.instances.list"]}
[debug] [2026-02-12T08:14:06.490Z] Checked if tokens are valid: true, expires at: 1770887528064
[debug] [2026-02-12T08:14:06.490Z] Checked if tokens are valid: true, expires at: 1770887528064
[debug] [2026-02-12T08:14:06.491Z] >>> [apiv2][query] GET https://firebaseextensions.googleapis.com/v1beta/projects/jpcopanel/instances pageSize=100&pageToken=
[debug] [2026-02-12T08:14:08.155Z] <<< [apiv2][status] GET https://firebaseextensions.googleapis.com/v1beta/projects/jpcopanel/instances 200
[debug] [2026-02-12T08:14:08.155Z] <<< [apiv2][body] GET https://firebaseextensions.googleapis.com/v1beta/projects/jpcopanel/instances {}
[info] i  functions: preparing functions directory for uploading... 
[info] i  functions: packaged D:\jpcopanel\functions (103.07 KB) for uploading 
[debug] [2026-02-12T08:14:08.329Z] Checked if tokens are valid: true, expires at: 1770887528064
[debug] [2026-02-12T08:14:08.329Z] Checked if tokens are valid: true, expires at: 1770887528064
[debug] [2026-02-12T08:14:08.329Z] >>> [apiv2][query] GET https://cloudfunctions.googleapis.com/v1/projects/jpcopanel/locations/-/functions [none]
[debug] [2026-02-12T08:14:09.109Z] <<< [apiv2][status] GET https://cloudfunctions.googleapis.com/v1/projects/jpcopanel/locations/-/functions 200
[debug] [2026-02-12T08:14:09.109Z] <<< [apiv2][body] GET https://cloudfunctions.googleapis.com/v1/projects/jpcopanel/locations/-/functions {}
[debug] [2026-02-12T08:14:09.110Z] Checked if tokens are valid: true, expires at: 1770887528064
[debug] [2026-02-12T08:14:09.110Z] Checked if tokens are valid: true, expires at: 1770887528064
[debug] [2026-02-12T08:14:09.110Z] >>> [apiv2][query] GET https://cloudfunctions.googleapis.com/v2/projects/jpcopanel/locations/-/functions filter=environment%3D%22GEN_2%22
[debug] [2026-02-12T08:14:10.863Z] <<< [apiv2][status] GET https://cloudfunctions.googleapis.com/v2/projects/jpcopanel/locations/-/functions 200
[debug] [2026-02-12T08:14:10.863Z] <<< [apiv2][body] GET https://cloudfunctions.googleapis.com/v2/projects/jpcopanel/locations/-/functions {"functions":[{"name":"projects/jpcopanel/locations/asia-south1/functions/cleanupOldNotifications","buildConfig":{"build":"projects/492450530050/locations/asia-south1/builds/4776fa89-aedd-4d9a-9b3c-4713cab7d680","runtime":"nodejs24","entryPoint":"cleanupOldNotifications","source":{"storageSource":{"bucket":"gcf-v2-sources-492450530050-asia-south1","object":"cleanupOldNotifications/function-source.zip","generation":"1770827726985178"}},"environmentVariables":{"GOOGLE_NODE_RUN_SCRIPTS":""},"dockerRepository":"projects/jpcopanel/locations/asia-south1/repositories/gcf-artifacts","sourceProvenance":{"resolvedStorageSource":{"bucket":"gcf-v2-sources-492450530050-asia-south1","object":"cleanupOldNotifications/function-source.zip","generation":"1770827726985178"}},"dockerRegistry":"ARTIFACT_REGISTRY","serviceAccount":"projects/jpcopanel/serviceAccounts/492450530050-compute@developer.gserviceaccount.com","automaticUpdatePolicy":{}},"serviceConfig":{"service":"projects/jpcopanel/locations/asia-south1/services/cleanupoldnotifications","timeoutSeconds":60,"environmentVariables":{"FIREBASE_CONFIG":"{\"projectId\":\"jpcopanel\",\"storageBucket\":\"jpcopanel.firebasestorage.app\"}","GCLOUD_PROJECT":"jpcopanel","EVENTARC_CLOUD_EVENT_SOURCE":"projects/jpcopanel/locations/asia-south1/services/cleanupOldNotifications","FUNCTION_TARGET":"cleanupOldNotifications","LOG_EXECUTION_ID":"true"},"maxInstanceCount":10,"ingressSettings":"ALLOW_ALL","uri":"https://cleanupoldnotifications-ug6r2lmufq-el.a.run.app","serviceAccountEmail":"492450530050-compute@developer.gserviceaccount.com","availableMemory":"256Mi","allTrafficOnLatestRevision":true,"revision":"cleanupoldnotifications-00003-juj","maxInstanceRequestConcurrency":80,"availableCpu":"1"},"state":"ACTIVE","updateTime":"2026-02-11T16:36:16.530424403Z","labels":{"deployment-scheduled":"true","firebase-functions-hash":"b1847bbbe2cbf28c55de726dc21964a173380a44","deployment-tool":"cli-firebase"},"environment":"GEN_2","url":"https://asia-south1-jpcopanel.cloudfunctions.net/cleanupOldNotifications","satisfiesPzs":true,"createTime":"2026-02-11T08:26:59.997974989Z","satisfiesPzi":true},{"name":"projects/jpcopanel/locations/asia-south2/functions/cleanupOldNotifications","buildConfig":{"build":"projects/492450530050/locations/asia-south2/builds/76dab0e1-652d-45e5-b28a-130b11c6bcb4","runtime":"nodejs24","entryPoint":"cleanupOldNotifications","source":{"storageSource":{"bucket":"gcf-v2-sources-492450530050-asia-south2","object":"cleanupOldNotifications/function-source.zip","generation":"1770797455973153"}},"environmentVariables":{"GOOGLE_NODE_RUN_SCRIPTS":""},"dockerRepository":"projects/jpcopanel/locations/asia-south2/repositories/gcf-artifacts","sourceProvenance":{"resolvedStorageSource":{"bucket":"gcf-v2-sources-492450530050-asia-south2","object":"cleanupOldNotifications/function-source.zip","generation":"1770797455973153"}},"dockerRegistry":"ARTIFACT_REGISTRY","serviceAccount":"projects/jpcopanel/serviceAccounts/492450530050-compute@developer.gserviceaccount.com","automaticUpdatePolicy":{}},"serviceConfig":{"service":"projects/jpcopanel/locations/asia-south2/services/cleanupoldnotifications","timeoutSeconds":60,"environmentVariables":{"FIREBASE_CONFIG":"{\"projectId\":\"jpcopanel\",\"storageBucket\":\"jpcopanel.firebasestorage.app\"}","GCLOUD_PROJECT":"jpcopanel","EVENTARC_CLOUD_EVENT_SOURCE":"projects/jpcopanel/locations/asia-south2/services/cleanupOldNotifications","FUNCTION_TARGET":"cleanupOldNotifications","LOG_EXECUTION_ID":"true","FUNCTION_SIGNATURE_TYPE":"http"},"maxInstanceCount":10,"ingressSettings":"ALLOW_ALL","uri":"https://cleanupoldnotifications-ug6r2lmufq-em.a.run.app","serviceAccountEmail":"492450530050-compute@developer.gserviceaccount.com","availableMemory":"256Mi","allTrafficOnLatestRevision":true,"revision":"cleanupoldnotifications-00001-piz","maxInstanceRequestConcurrency":80,"availableCpu":"1"},"state":"ACTIVE","updateTime":"2026-02-11T08:11:05.115704610Z","labels":{"deployment-tool":"cli-firebase","deployment-scheduled":"true","firebase-functions-hash":"2cb7b93c462d8f41e457c924ea224c4905521c58"},"environment":"GEN_2","url":"https://asia-south2-jpcopanel.cloudfunctions.net/cleanupOldNotifications","createTime":"2026-02-11T08:10:56.597019771Z","satisfiesPzi":true},{"name":"projects/jpcopanel/locations/asia-south2/functions/updateFCMToken","buildConfig":{"build":"projects/492450530050/locations/asia-south2/builds/d7960598-4589-456b-a47a-1b777d9ce363","runtime":"nodejs24","entryPoint":"updateFCMToken","source":{"storageSource":{"bucket":"gcf-v2-sources-492450530050-asia-south2","object":"updateFCMToken/function-source.zip","generation":"1770827769265972"}},"environmentVariables":{"GOOGLE_NODE_RUN_SCRIPTS":""},"dockerRepository":"projects/jpcopanel/locations/asia-south2/repositories/gcf-artifacts","sourceProvenance":{"resolvedStorageSource":{"bucket":"gcf-v2-sources-492450530050-asia-south2","object":"updateFCMToken/function-source.zip","generation":"1770827769265972"}},"dockerRegistry":"ARTIFACT_REGISTRY","serviceAccount":"projects/jpcopanel/serviceAccounts/492450530050-compute@developer.gserviceaccount.com","automaticUpdatePolicy":{}},"serviceConfig":{"service":"projects/jpcopanel/locations/asia-south2/services/updatefcmtoken","timeoutSeconds":60,"environmentVariables":{"FIREBASE_CONFIG":"{\"projectId\":\"jpcopanel\",\"storageBucket\":\"jpcopanel.firebasestorage.app\"}","GCLOUD_PROJECT":"jpcopanel","EVENTARC_CLOUD_EVENT_SOURCE":"projects/jpcopanel/locations/asia-south2/services/updateFCMToken","FUNCTION_TARGET":"updateFCMToken","LOG_EXECUTION_ID":"true","FUNCTION_SIGNATURE_TYPE":"http"},"maxInstanceCount":10,"ingressSettings":"ALLOW_ALL","uri":"https://updatefcmtoken-ug6r2lmufq-em.a.run.app","serviceAccountEmail":"492450530050-compute@developer.gserviceaccount.com","availableMemory":"256Mi","allTrafficOnLatestRevision":true,"revision":"updatefcmtoken-00003-zox","maxInstanceRequestConcurrency":80,"availableCpu":"1"},"state":"ACTIVE","updateTime":"2026-02-11T16:36:16.273322560Z","labels":{"firebase-functions-hash":"b1847bbbe2cbf28c55de726dc21964a173380a44","deployment-tool":"cli-firebase","deployment-callable":"true"},"environment":"GEN_2","url":"https://asia-south2-jpcopanel.cloudfunctions.net/updateFCMToken","createTime":"2026-02-11T08:10:56.866984132Z","satisfiesPzi":true},{"name":"projects/jpcopanel/locations/asia-south2/functions/sendTestNotification","buildConfig":{"build":"projects/492450530050/locations/asia-south2/builds/d7960598-4589-456b-a47a-1b777d9ce363","runtime":"nodejs24","entryPoint":"sendTestNotification","source":{"storageSource":{"bucket":"gcf-v2-sources-492450530050-asia-south2","object":"sendTestNotification/function-source.zip","generation":"1770827769601947"}},"environmentVariables":{"GOOGLE_NODE_RUN_SCRIPTS":""},"dockerRepository":"projects/jpcopanel/locations/asia-south2/repositories/gcf-artifacts","sourceProvenance":{"resolvedStorageSource":{"bucket":"gcf-v2-sources-492450530050-asia-south2","object":"sendTestNotification/function-source.zip","generation":"1770827769601947"}},"dockerRegistry":"ARTIFACT_REGISTRY","serviceAccount":"projects/jpcopanel/serviceAccounts/492450530050-compute@developer.gserviceaccount.com","automaticUpdatePolicy":{}},"serviceConfig":{"service":"projects/jpcopanel/locations/asia-south2/services/sendtestnotification","timeoutSeconds":60,"environmentVariables":{"FIREBASE_CONFIG":"{\"projectId\":\"jpcopanel\",\"storageBucket\":\"jpcopanel.firebasestorage.app\"}","GCLOUD_PROJECT":"jpcopanel","EVENTARC_CLOUD_EVENT_SOURCE":"projects/jpcopanel/locations/asia-south2/services/sendTestNotification","FUNCTION_TARGET":"sendTestNotification","LOG_EXECUTION_ID":"true","FUNCTION_SIGNATURE_TYPE":"http"},"maxInstanceCount":10,"ingressSettings":"ALLOW_ALL","uri":"https://sendtestnotification-ug6r2lmufq-em.a.run.app","serviceAccountEmail":"492450530050-compute@developer.gserviceaccount.com","availableMemory":"256Mi","allTrafficOnLatestRevision":true,"revision":"sendtestnotification-00003-qej","maxInstanceRequestConcurrency":80,"availableCpu":"1"},"state":"ACTIVE","updateTime":"2026-02-11T16:36:16.640429052Z","labels":{"deployment-tool":"cli-firebase","deployment-callable":"true","firebase-functions-hash":"b1847bbbe2cbf28c55de726dc21964a173380a44"},"environment":"GEN_2","url":"https://asia-south2-jpcopanel.cloudfunctions.net/sendTestNotification","createTime":"2026-02-11T08:10:56.892856515Z","satisfiesPzi":true},{"name":"projects/jpcopanel/locations/asia-south2/functions/sendPushNotification","buildConfig":{"build":"projects/492450530050/locations/asia-south2/builds/d7960598-4589-456b-a47a-1b777d9ce363","runtime":"nodejs24","entryPoint":"sendPushNotification","source":{"storageSource":{"bucket":"gcf-v2-sources-492450530050-asia-south2","object":"sendPushNotification/function-source.zip","generation":"1770827727255380"}},"environmentVariables":{"GOOGLE_NODE_RUN_SCRIPTS":""},"dockerRepository":"projects/jpcopanel/locations/asia-south2/repositories/gcf-artifacts","sourceProvenance":{"resolvedStorageSource":{"bucket":"gcf-v2-sources-492450530050-asia-south2","object":"sendPushNotification/function-source.zip","generation":"1770827727255380"}},"dockerRegistry":"ARTIFACT_REGISTRY","serviceAccount":"projects/jpcopanel/serviceAccounts/492450530050-compute@developer.gserviceaccount.com","automaticUpdatePolicy":{}},"serviceConfig":{"service":"projects/jpcopanel/locations/asia-south2/services/sendpushnotification","timeoutSeconds":60,"environmentVariables":{"FIREBASE_CONFIG":"{\"projectId\":\"jpcopanel\",\"storageBucket\":\"jpcopanel.firebasestorage.app\"}","GCLOUD_PROJECT":"jpcopanel","EVENTARC_CLOUD_EVENT_SOURCE":"projects/jpcopanel/locations/asia-south2/services/sendPushNotification","FUNCTION_SIGNATURE_TYPE":"cloudevent","FUNCTION_TARGET":"sendPushNotification","LOG_EXECUTION_ID":"true"},"maxInstanceCount":10,"ingressSettings":"ALLOW_ALL","uri":"https://sendpushnotification-ug6r2lmufq-em.a.run.app","serviceAccountEmail":"492450530050-compute@developer.gserviceaccount.com","availableMemory":"256Mi","allTrafficOnLatestRevision":true,"revision":"sendpushnotification-00004-lah","maxInstanceRequestConcurrency":80,"availableCpu":"1"},"eventTrigger":{"trigger":"projects/jpcopanel/locations/asia-south2/triggers/sendpushnotification-188890","triggerRegion":"asia-south2","eventType":"google.cloud.firestore.document.v1.created","eventFilters":[{"attribute":"database","value":"(default)"},{"attribute":"namespace","value":"(default)"},{"attribute":"document","value":"notifications/{notificationId}","operator":"match-path-pattern"}],"pubsubTopic":"projects/jpcopanel/topics/eventarc-asia-south2-sendpushnotification-188890-875","serviceAccountEmail":"492450530050-compute@developer.gserviceaccount.com","retryPolicy":"RETRY_POLICY_DO_NOT_RETRY"},"state":"ACTIVE","updateTime":"2026-02-11T16:36:14.935921276Z","labels":{"firebase-functions-hash":"b1847bbbe2cbf28c55de726dc21964a173380a44","deployment-tool":"cli-firebase"},"environment":"GEN_2","url":"https://asia-south2-jpcopanel.cloudfunctions.net/sendPushNotification","createTime":"2026-02-11T08:09:40.194292861Z","satisfiesPzi":true}]}
[debug] [2026-02-12T08:14:10.867Z] Checked if tokens are valid: true, expires at: 1770887528064
[debug] [2026-02-12T08:14:10.867Z] Checked if tokens are valid: true, expires at: 1770887528064
[debug] [2026-02-12T08:14:10.867Z] >>> [apiv2][query] GET https://firestore.googleapis.com/v1/projects/jpcopanel/databases/(default) [none]
[debug] [2026-02-12T08:14:11.012Z] <<< [apiv2][status] GET https://firestore.googleapis.com/v1/projects/jpcopanel/databases/(default) 200
[debug] [2026-02-12T08:14:11.012Z] <<< [apiv2][body] GET https://firestore.googleapis.com/v1/projects/jpcopanel/databases/(default) {"name":"projects/jpcopanel/databases/(default)","uid":"d817b935-9555-4f57-a513-79bf75bf7c99","createTime":"2026-01-14T09:44:46.902331Z","updateTime":"2026-01-14T09:44:46.902331Z","locationId":"asia-south2","type":"FIRESTORE_NATIVE","concurrencyMode":"PESSIMISTIC","versionRetentionPeriod":"3600s","earliestVersionTime":"2026-02-12T07:14:11.033067Z","appEngineIntegrationMode":"DISABLED","pointInTimeRecoveryEnablement":"POINT_IN_TIME_RECOVERY_DISABLED","deleteProtectionState":"DELETE_PROTECTION_DISABLED","databaseEdition":"STANDARD","freeTier":true,"realtimeUpdatesMode":"REALTIME_UPDATES_MODE_ENABLED","etag":"ILWxs5bB05IDMLeqxJ/uzpID"}
[info] i  functions: ensuring required API cloudscheduler.googleapis.com is enabled... 
[info] i  functions: ensuring required API run.googleapis.com is enabled... 
[info] i  functions: ensuring required API eventarc.googleapis.com is enabled... 
[info] i  functions: ensuring required API pubsub.googleapis.com is enabled... 
[info] i  functions: ensuring required API storage.googleapis.com is enabled... 
[info] i  functions: generating the service identity for pubsub.googleapis.com... 
[debug] [2026-02-12T08:14:11.018Z] Checked if tokens are valid: true, expires at: 1770887528064
[debug] [2026-02-12T08:14:11.018Z] Checked if tokens are valid: true, expires at: 1770887528064
[info] i  functions: generating the service identity for eventarc.googleapis.com... 
[debug] [2026-02-12T08:14:11.018Z] Checked if tokens are valid: true, expires at: 1770887528064
[debug] [2026-02-12T08:14:11.019Z] Checked if tokens are valid: true, expires at: 1770887528064
[debug] [2026-02-12T08:14:11.019Z] >>> [apiv2][query] POST https://serviceusage.googleapis.com/v1beta1/projects/492450530050/services/pubsub.googleapis.com:generateServiceIdentity [none]
[debug] [2026-02-12T08:14:11.019Z] >>> [apiv2][(partial)header] POST https://serviceusage.googleapis.com/v1beta1/projects/492450530050/services/pubsub.googleapis.com:generateServiceIdentity  x-goog-user-project=492450530050
[debug] [2026-02-12T08:14:11.020Z] >>> [apiv2][body] POST https://serviceusage.googleapis.com/v1beta1/projects/492450530050/services/pubsub.googleapis.com:generateServiceIdentity {}
[debug] [2026-02-12T08:14:11.022Z] >>> [apiv2][query] POST https://serviceusage.googleapis.com/v1beta1/projects/492450530050/services/eventarc.googleapis.com:generateServiceIdentity [none]
[debug] [2026-02-12T08:14:11.022Z] >>> [apiv2][(partial)header] POST https://serviceusage.googleapis.com/v1beta1/projects/492450530050/services/eventarc.googleapis.com:generateServiceIdentity  x-goog-user-project=492450530050
[debug] [2026-02-12T08:14:11.022Z] >>> [apiv2][body] POST https://serviceusage.googleapis.com/v1beta1/projects/492450530050/services/eventarc.googleapis.com:generateServiceIdentity {}
[debug] [2026-02-12T08:14:12.897Z] <<< [apiv2][status] POST https://serviceusage.googleapis.com/v1beta1/projects/492450530050/services/eventarc.googleapis.com:generateServiceIdentity 200
[debug] [2026-02-12T08:14:12.897Z] <<< [apiv2][body] POST https://serviceusage.googleapis.com/v1beta1/projects/492450530050/services/eventarc.googleapis.com:generateServiceIdentity {"name":"operations/finished.DONE_OPERATION","done":true,"response":{"@type":"type.googleapis.com/google.api.serviceusage.v1beta1.ServiceIdentity","email":"service-492450530050@gcp-sa-eventarc.iam.gserviceaccount.com","uniqueId":"116849869454814947918"}}
[debug] [2026-02-12T08:14:12.907Z] <<< [apiv2][status] POST https://serviceusage.googleapis.com/v1beta1/projects/492450530050/services/pubsub.googleapis.com:generateServiceIdentity 200
[debug] [2026-02-12T08:14:12.908Z] <<< [apiv2][body] POST https://serviceusage.googleapis.com/v1beta1/projects/492450530050/services/pubsub.googleapis.com:generateServiceIdentity {"name":"operations/finished.DONE_OPERATION","done":true,"response":{"@type":"type.googleapis.com/google.api.serviceusage.v1beta1.ServiceIdentity","email":"service-492450530050@gcp-sa-pubsub.iam.gserviceaccount.com","uniqueId":"114287128920303045411"}}
[debug] [2026-02-12T08:14:12.910Z] Checked if tokens are valid: true, expires at: 1770887528064
[debug] [2026-02-12T08:14:12.910Z] Checked if tokens are valid: true, expires at: 1770887528064
[debug] [2026-02-12T08:14:12.911Z] >>> [apiv2][query] GET https://cloudresourcemanager.googleapis.com/v1/projects/jpcopanel [none]
[debug] [2026-02-12T08:14:14.429Z] <<< [apiv2][status] GET https://cloudresourcemanager.googleapis.com/v1/projects/jpcopanel 200
[debug] [2026-02-12T08:14:14.430Z] <<< [apiv2][body] GET https://cloudresourcemanager.googleapis.com/v1/projects/jpcopanel {"projectNumber":"492450530050","projectId":"jpcopanel","lifecycleState":"ACTIVE","name":"jpcopanel","labels":{"firebase":"enabled","firebase-core":"disabled"},"createTime":"2026-01-14T09:33:34.525845Z"}
[debug] [2026-02-12T08:14:14.430Z] Checked if tokens are valid: true, expires at: 1770887528064
[debug] [2026-02-12T08:14:14.430Z] Checked if tokens are valid: true, expires at: 1770887528064
[debug] [2026-02-12T08:14:14.430Z] >>> [apiv2][query] GET https://compute.googleapis.com/compute/v1/projects/492450530050 [none]
[debug] [2026-02-12T08:14:14.774Z] <<< [apiv2][status] GET https://compute.googleapis.com/compute/v1/projects/492450530050 403
[debug] [2026-02-12T08:14:14.774Z] <<< [apiv2][body] GET https://compute.googleapis.com/compute/v1/projects/492450530050 {"error":{"code":403,"message":"Compute Engine API has not been used in project 492450530050 before or it is disabled. Enable it by visiting https://console.developers.google.com/apis/api/compute.googleapis.com/overview?project=492450530050 then retry. If you enabled this API recently, wait a few minutes for the action to propagate to our systems and retry.","errors":[{"message":"Compute Engine API has not been used in project 492450530050 before or it is disabled. Enable it by visiting https://console.developers.google.com/apis/api/compute.googleapis.com/overview?project=492450530050 then retry. If you enabled this API recently, wait a few minutes for the action to propagate to our systems and retry.","domain":"usageLimits","reason":"accessNotConfigured","extendedHelp":"https://console.developers.google.com"}],"status":"PERMISSION_DENIED","details":[{"@type":"type.googleapis.com/google.rpc.ErrorInfo","reason":"SERVICE_DISABLED","domain":"googleapis.com","metadata":{"activationUrl":"https://console.developers.google.com/apis/api/compute.googleapis.com/overview?project=492450530050","containerInfo":"492450530050","consumer":"projects/492450530050","service":"compute.googleapis.com","serviceTitle":"Compute Engine API"}},{"@type":"type.googleapis.com/google.rpc.LocalizedMessage","locale":"en-US","message":"Compute Engine API has not been used in project 492450530050 before or it is disabled. Enable it by visiting https://console.developers.google.com/apis/api/compute.googleapis.com/overview?project=492450530050 then retry. If you enabled this API recently, wait a few minutes for the action to propagate to our systems and retry."},{"@type":"type.googleapis.com/google.rpc.Help","links":[{"description":"Google developers console API activation","url":"https://console.developers.google.com/apis/api/compute.googleapis.com/overview?project=492450530050"}]}]}}
[debug] [2026-02-12T08:14:14.775Z] unable to look up default compute service account. Falling back to 492450530050-compute@developer.gserviceaccount.com. Error: {"name":"FirebaseError","children":[],"context":{"body":{"error":{"code":403,"message":"Compute Engine API has not been used in project 492450530050 before or it is disabled. Enable it by visiting https://console.developers.google.com/apis/api/compute.googleapis.com/overview?project=492450530050 then retry. If you enabled this API recently, wait a few minutes for the action to propagate to our systems and retry.","errors":[{"message":"Compute Engine API has not been used in project 492450530050 before or it is disabled. Enable it by visiting https://console.developers.google.com/apis/api/compute.googleapis.com/overview?project=492450530050 then retry. If you enabled this API recently, wait a few minutes for the action to propagate to our systems and retry.","domain":"usageLimits","reason":"accessNotConfigured","extendedHelp":"https://console.developers.google.com"}],"status":"PERMISSION_DENIED","details":[{"@type":"type.googleapis.com/google.rpc.ErrorInfo","reason":"SERVICE_DISABLED","domain":"googleapis.com","metadata":{"activationUrl":"https://console.developers.google.com/apis/api/compute.googleapis.com/overview?project=492450530050","containerInfo":"492450530050","consumer":"projects/492450530050","service":"compute.googleapis.com","serviceTitle":"Compute Engine API"}},{"@type":"type.googleapis.com/google.rpc.LocalizedMessage","locale":"en-US","message":"Compute Engine API has not been used in project 492450530050 before or it is disabled. Enable it by visiting https://console.developers.google.com/apis/api/compute.googleapis.com/overview?project=492450530050 then retry. If you enabled this API recently, wait a few minutes for the action to propagate to our systems and retry."},{"@type":"type.googleapis.com/google.rpc.Help","links":[{"description":"Google developers console API activation","url":"https://console.developers.google.com/apis/api/compute.googleapis.com/overview?project=492450530050"}]}]}},"response":{"statusCode":403}},"exit":1,"message":"Request to https://compute.googleapis.com/compute/v1/projects/492450530050 had HTTP Error: 403, Compute Engine API has not been used in project 492450530050 before or it is disabled. Enable it by visiting https://console.developers.google.com/apis/api/compute.googleapis.com/overview?project=492450530050 then retry. If you enabled this API recently, wait a few minutes for the action to propagate to our systems and retry.","status":403}
[debug] [2026-02-12T08:14:14.776Z] Checked if tokens are valid: true, expires at: 1770887528064
[debug] [2026-02-12T08:14:14.776Z] Checked if tokens are valid: true, expires at: 1770887528064
[debug] [2026-02-12T08:14:14.776Z] >>> [apiv2][query] GET https://compute.googleapis.com/compute/v1/projects/492450530050 [none]
[debug] [2026-02-12T08:14:15.090Z] <<< [apiv2][status] GET https://compute.googleapis.com/compute/v1/projects/492450530050 403
[debug] [2026-02-12T08:14:15.091Z] <<< [apiv2][body] GET https://compute.googleapis.com/compute/v1/projects/492450530050 {"error":{"code":403,"message":"Compute Engine API has not been used in project 492450530050 before or it is disabled. Enable it by visiting https://console.developers.google.com/apis/api/compute.googleapis.com/overview?project=492450530050 then retry. If you enabled this API recently, wait a few minutes for the action to propagate to our systems and retry.","errors":[{"message":"Compute Engine API has not been used in project 492450530050 before or it is disabled. Enable it by visiting https://console.developers.google.com/apis/api/compute.googleapis.com/overview?project=492450530050 then retry. If you enabled this API recently, wait a few minutes for the action to propagate to our systems and retry.","domain":"usageLimits","reason":"accessNotConfigured","extendedHelp":"https://console.developers.google.com"}],"status":"PERMISSION_DENIED","details":[{"@type":"type.googleapis.com/google.rpc.ErrorInfo","reason":"SERVICE_DISABLED","domain":"googleapis.com","metadata":{"service":"compute.googleapis.com","activationUrl":"https://console.developers.google.com/apis/api/compute.googleapis.com/overview?project=492450530050","serviceTitle":"Compute Engine API","consumer":"projects/492450530050","containerInfo":"492450530050"}},{"@type":"type.googleapis.com/google.rpc.LocalizedMessage","locale":"en-US","message":"Compute Engine API has not been used in project 492450530050 before or it is disabled. Enable it by visiting https://console.developers.google.com/apis/api/compute.googleapis.com/overview?project=492450530050 then retry. If you enabled this API recently, wait a few minutes for the action to propagate to our systems and retry."},{"@type":"type.googleapis.com/google.rpc.Help","links":[{"description":"Google developers console API activation","url":"https://console.developers.google.com/apis/api/compute.googleapis.com/overview?project=492450530050"}]}]}}
[debug] [2026-02-12T08:14:15.091Z] unable to look up default compute service account. Falling back to 492450530050-compute@developer.gserviceaccount.com. Error: {"name":"FirebaseError","children":[],"context":{"body":{"error":{"code":403,"message":"Compute Engine API has not been used in project 492450530050 before or it is disabled. Enable it by visiting https://console.developers.google.com/apis/api/compute.googleapis.com/overview?project=492450530050 then retry. If you enabled this API recently, wait a few minutes for the action to propagate to our systems and retry.","errors":[{"message":"Compute Engine API has not been used in project 492450530050 before or it is disabled. Enable it by visiting https://console.developers.google.com/apis/api/compute.googleapis.com/overview?project=492450530050 then retry. If you enabled this API recently, wait a few minutes for the action to propagate to our systems and retry.","domain":"usageLimits","reason":"accessNotConfigured","extendedHelp":"https://console.developers.google.com"}],"status":"PERMISSION_DENIED","details":[{"@type":"type.googleapis.com/google.rpc.ErrorInfo","reason":"SERVICE_DISABLED","domain":"googleapis.com","metadata":{"service":"compute.googleapis.com","activationUrl":"https://console.developers.google.com/apis/api/compute.googleapis.com/overview?project=492450530050","serviceTitle":"Compute Engine API","consumer":"projects/492450530050","containerInfo":"492450530050"}},{"@type":"type.googleapis.com/google.rpc.LocalizedMessage","locale":"en-US","message":"Compute Engine API has not been used in project 492450530050 before or it is disabled. Enable it by visiting https://console.developers.google.com/apis/api/compute.googleapis.com/overview?project=492450530050 then retry. If you enabled this API recently, wait a few minutes for the action to propagate to our systems and retry."},{"@type":"type.googleapis.com/google.rpc.Help","links":[{"description":"Google developers console API activation","url":"https://console.developers.google.com/apis/api/compute.googleapis.com/overview?project=492450530050"}]}]}},"response":{"statusCode":403}},"exit":1,"message":"Request to https://compute.googleapis.com/compute/v1/projects/492450530050 had HTTP Error: 403, Compute Engine API has not been used in project 492450530050 before or it is disabled. Enable it by visiting https://console.developers.google.com/apis/api/compute.googleapis.com/overview?project=492450530050 then retry. If you enabled this API recently, wait a few minutes for the action to propagate to our systems and retry.","status":403}
[debug] [2026-02-12T08:14:15.091Z] Checked if tokens are valid: true, expires at: 1770887528064
[debug] [2026-02-12T08:14:15.091Z] Checked if tokens are valid: true, expires at: 1770887528064
[debug] [2026-02-12T08:14:15.091Z] >>> [apiv2][query] GET https://compute.googleapis.com/compute/v1/projects/492450530050 [none]
[debug] [2026-02-12T08:14:15.448Z] <<< [apiv2][status] GET https://compute.googleapis.com/compute/v1/projects/492450530050 403
[debug] [2026-02-12T08:14:15.448Z] <<< [apiv2][body] GET https://compute.googleapis.com/compute/v1/projects/492450530050 {"error":{"code":403,"message":"Compute Engine API has not been used in project 492450530050 before or it is disabled. Enable it by visiting https://console.developers.google.com/apis/api/compute.googleapis.com/overview?project=492450530050 then retry. If you enabled this API recently, wait a few minutes for the action to propagate to our systems and retry.","errors":[{"message":"Compute Engine API has not been used in project 492450530050 before or it is disabled. Enable it by visiting https://console.developers.google.com/apis/api/compute.googleapis.com/overview?project=492450530050 then retry. If you enabled this API recently, wait a few minutes for the action to propagate to our systems and retry.","domain":"usageLimits","reason":"accessNotConfigured","extendedHelp":"https://console.developers.google.com"}],"status":"PERMISSION_DENIED","details":[{"@type":"type.googleapis.com/google.rpc.ErrorInfo","reason":"SERVICE_DISABLED","domain":"googleapis.com","metadata":{"activationUrl":"https://console.developers.google.com/apis/api/compute.googleapis.com/overview?project=492450530050","consumer":"projects/492450530050","service":"compute.googleapis.com","serviceTitle":"Compute Engine API","containerInfo":"492450530050"}},{"@type":"type.googleapis.com/google.rpc.LocalizedMessage","locale":"en-US","message":"Compute Engine API has not been used in project 492450530050 before or it is disabled. Enable it by visiting https://console.developers.google.com/apis/api/compute.googleapis.com/overview?project=492450530050 then retry. If you enabled this API recently, wait a few minutes for the action to propagate to our systems and retry."},{"@type":"type.googleapis.com/google.rpc.Help","links":[{"description":"Google developers console API activation","url":"https://console.developers.google.com/apis/api/compute.googleapis.com/overview?project=492450530050"}]}]}}
[debug] [2026-02-12T08:14:15.449Z] unable to look up default compute service account. Falling back to 492450530050-compute@developer.gserviceaccount.com. Error: {"name":"FirebaseError","children":[],"context":{"body":{"error":{"code":403,"message":"Compute Engine API has not been used in project 492450530050 before or it is disabled. Enable it by visiting https://console.developers.google.com/apis/api/compute.googleapis.com/overview?project=492450530050 then retry. If you enabled this API recently, wait a few minutes for the action to propagate to our systems and retry.","errors":[{"message":"Compute Engine API has not been used in project 492450530050 before or it is disabled. Enable it by visiting https://console.developers.google.com/apis/api/compute.googleapis.com/overview?project=492450530050 then retry. If you enabled this API recently, wait a few minutes for the action to propagate to our systems and retry.","domain":"usageLimits","reason":"accessNotConfigured","extendedHelp":"https://console.developers.google.com"}],"status":"PERMISSION_DENIED","details":[{"@type":"type.googleapis.com/google.rpc.ErrorInfo","reason":"SERVICE_DISABLED","domain":"googleapis.com","metadata":{"activationUrl":"https://console.developers.google.com/apis/api/compute.googleapis.com/overview?project=492450530050","consumer":"projects/492450530050","service":"compute.googleapis.com","serviceTitle":"Compute Engine API","containerInfo":"492450530050"}},{"@type":"type.googleapis.com/google.rpc.LocalizedMessage","locale":"en-US","message":"Compute Engine API has not been used in project 492450530050 before or it is disabled. Enable it by visiting https://console.developers.google.com/apis/api/compute.googleapis.com/overview?project=492450530050 then retry. If you enabled this API recently, wait a few minutes for the action to propagate to our systems and retry."},{"@type":"type.googleapis.com/google.rpc.Help","links":[{"description":"Google developers console API activation","url":"https://console.developers.google.com/apis/api/compute.googleapis.com/overview?project=492450530050"}]}]}},"response":{"statusCode":403}},"exit":1,"message":"Request to https://compute.googleapis.com/compute/v1/projects/492450530050 had HTTP Error: 403, Compute Engine API has not been used in project 492450530050 before or it is disabled. Enable it by visiting https://console.developers.google.com/apis/api/compute.googleapis.com/overview?project=492450530050 then retry. If you enabled this API recently, wait a few minutes for the action to propagate to our systems and retry.","status":403}
[debug] [2026-02-12T08:14:15.449Z] Checked if tokens are valid: true, expires at: 1770887528064
[debug] [2026-02-12T08:14:15.449Z] Checked if tokens are valid: true, expires at: 1770887528064
[debug] [2026-02-12T08:14:15.449Z] >>> [apiv2][query] GET https://compute.googleapis.com/compute/v1/projects/492450530050 [none]
[debug] [2026-02-12T08:14:15.787Z] <<< [apiv2][status] GET https://compute.googleapis.com/compute/v1/projects/492450530050 403
[debug] [2026-02-12T08:14:15.787Z] <<< [apiv2][body] GET https://compute.googleapis.com/compute/v1/projects/492450530050 {"error":{"code":403,"message":"Compute Engine API has not been used in project 492450530050 before or it is disabled. Enable it by visiting https://console.developers.google.com/apis/api/compute.googleapis.com/overview?project=492450530050 then retry. If you enabled this API recently, wait a few minutes for the action to propagate to our systems and retry.","errors":[{"message":"Compute Engine API has not been used in project 492450530050 before or it is disabled. Enable it by visiting https://console.developers.google.com/apis/api/compute.googleapis.com/overview?project=492450530050 then retry. If you enabled this API recently, wait a few minutes for the action to propagate to our systems and retry.","domain":"usageLimits","reason":"accessNotConfigured","extendedHelp":"https://console.developers.google.com"}],"status":"PERMISSION_DENIED","details":[{"@type":"type.googleapis.com/google.rpc.ErrorInfo","reason":"SERVICE_DISABLED","domain":"googleapis.com","metadata":{"consumer":"projects/492450530050","service":"compute.googleapis.com","activationUrl":"https://console.developers.google.com/apis/api/compute.googleapis.com/overview?project=492450530050","serviceTitle":"Compute Engine API","containerInfo":"492450530050"}},{"@type":"type.googleapis.com/google.rpc.LocalizedMessage","locale":"en-US","message":"Compute Engine API has not been used in project 492450530050 before or it is disabled. Enable it by visiting https://console.developers.google.com/apis/api/compute.googleapis.com/overview?project=492450530050 then retry. If you enabled this API recently, wait a few minutes for the action to propagate to our systems and retry."},{"@type":"type.googleapis.com/google.rpc.Help","links":[{"description":"Google developers console API activation","url":"https://console.developers.google.com/apis/api/compute.googleapis.com/overview?project=492450530050"}]}]}}
[debug] [2026-02-12T08:14:15.788Z] unable to look up default compute service account. Falling back to 492450530050-compute@developer.gserviceaccount.com. Error: {"name":"FirebaseError","children":[],"context":{"body":{"error":{"code":403,"message":"Compute Engine API has not been used in project 492450530050 before or it is disabled. Enable it by visiting https://console.developers.google.com/apis/api/compute.googleapis.com/overview?project=492450530050 then retry. If you enabled this API recently, wait a few minutes for the action to propagate to our systems and retry.","errors":[{"message":"Compute Engine API has not been used in project 492450530050 before or it is disabled. Enable it by visiting https://console.developers.google.com/apis/api/compute.googleapis.com/overview?project=492450530050 then retry. If you enabled this API recently, wait a few minutes for the action to propagate to our systems and retry.","domain":"usageLimits","reason":"accessNotConfigured","extendedHelp":"https://console.developers.google.com"}],"status":"PERMISSION_DENIED","details":[{"@type":"type.googleapis.com/google.rpc.ErrorInfo","reason":"SERVICE_DISABLED","domain":"googleapis.com","metadata":{"consumer":"projects/492450530050","service":"compute.googleapis.com","activationUrl":"https://console.developers.google.com/apis/api/compute.googleapis.com/overview?project=492450530050","serviceTitle":"Compute Engine API","containerInfo":"492450530050"}},{"@type":"type.googleapis.com/google.rpc.LocalizedMessage","locale":"en-US","message":"Compute Engine API has not been used in project 492450530050 before or it is disabled. Enable it by visiting https://console.developers.google.com/apis/api/compute.googleapis.com/overview?project=492450530050 then retry. If you enabled this API recently, wait a few minutes for the action to propagate to our systems and retry."},{"@type":"type.googleapis.com/google.rpc.Help","links":[{"description":"Google developers console API activation","url":"https://console.developers.google.com/apis/api/compute.googleapis.com/overview?project=492450530050"}]}]}},"response":{"statusCode":403}},"exit":1,"message":"Request to https://compute.googleapis.com/compute/v1/projects/492450530050 had HTTP Error: 403, Compute Engine API has not been used in project 492450530050 before or it is disabled. Enable it by visiting https://console.developers.google.com/apis/api/compute.googleapis.com/overview?project=492450530050 then retry. If you enabled this API recently, wait a few minutes for the action to propagate to our systems and retry.","status":403}
[debug] [2026-02-12T08:14:15.790Z] Checked if tokens are valid: true, expires at: 1770887528064
[debug] [2026-02-12T08:14:15.790Z] Checked if tokens are valid: true, expires at: 1770887528064
[debug] [2026-02-12T08:14:15.790Z] >>> [apiv2][query] GET https://cloudbilling.googleapis.com/v1/projects/jpcopanel/billingInfo [none]
[debug] [2026-02-12T08:14:17.190Z] <<< [apiv2][status] GET https://cloudbilling.googleapis.com/v1/projects/jpcopanel/billingInfo 200
[debug] [2026-02-12T08:14:17.190Z] <<< [apiv2][body] GET https://cloudbilling.googleapis.com/v1/projects/jpcopanel/billingInfo {"name":"projects/jpcopanel/billingInfo","projectId":"jpcopanel","billingAccountName":"billingAccounts/013EAA-DC666D-140B94","billingEnabled":true}
[debug] [2026-02-12T08:14:17.193Z] Checked if tokens are valid: true, expires at: 1770887528064
[debug] [2026-02-12T08:14:17.193Z] Checked if tokens are valid: true, expires at: 1770887528064
[debug] [2026-02-12T08:14:17.194Z] >>> [apiv2][query] POST https://cloudfunctions.googleapis.com/v2/projects/jpcopanel/locations/asia-south2/functions:generateUploadUrl [none]
[debug] [2026-02-12T08:14:17.947Z] <<< [apiv2][status] POST https://cloudfunctions.googleapis.com/v2/projects/jpcopanel/locations/asia-south2/functions:generateUploadUrl 200
[debug] [2026-02-12T08:14:17.947Z] <<< [apiv2][body] POST https://cloudfunctions.googleapis.com/v2/projects/jpcopanel/locations/asia-south2/functions:generateUploadUrl {"uploadUrl":"https://storage.googleapis.com/gcf-v2-uploads-492450530050.asia-south2.cloudfunctions.appspot.com/3ad60c8e-6508-41ff-9418-f87a2114c9cf.zip?GoogleAccessId=service-492450530050@gcf-admin-robot.iam.gserviceaccount.com&Expires=1770885857&Signature=setR%2BRwltH%2BWljzMBRuE%2BdNyV7jPCX9bTVpNYCEoOFIPIowPQbHNJOoUQlAJCPlSINRf7dcCAIw0NU0SuXg8Pn%2FgcFM5zkpliIF4OD%2FFE8ya2LzAzdX%2BxDveIPuGUXOoOFbXQQjdK7bKQM1PXnegsgHB3i2XWQhRKorSNuTPE1hk4wvtpVZcAVt45i66AaMP1kAWrDnQg0bYbM5bKRB3kzTHYb0gBVD%2B457t%2FJPKMwSIc0stbdJ8SYzBJrUTrVmuhi1Ooq%2FGQZusgmHHi%2FDwK7pwHZhNuWrlz6Ek%2Bs4M2YmaAwB7HrD0lIgdlhlSmvtkF4HA8d%2FeKonROECB8zUi5Q%3D%3D","storageSource":{"bucket":"gcf-v2-uploads-492450530050.asia-south2.cloudfunctions.appspot.com","object":"3ad60c8e-6508-41ff-9418-f87a2114c9cf.zip"}}
[debug] [2026-02-12T08:14:17.948Z] >>> [apiv2][query] PUT https://storage.googleapis.com/gcf-v2-uploads-492450530050.asia-south2.cloudfunctions.appspot.com/3ad60c8e-6508-41ff-9418-f87a2114c9cf.zip GoogleAccessId=service-492450530050%40gcf-admin-robot.iam.gserviceaccount.com&Expires=1770885857&Signature=setR%2BRwltH%2BWljzMBRuE%2BdNyV7jPCX9bTVpNYCEoOFIPIowPQbHNJOoUQlAJCPlSINRf7dcCAIw0NU0SuXg8Pn%2FgcFM5zkpliIF4OD%2FFE8ya2LzAzdX%2BxDveIPuGUXOoOFbXQQjdK7bKQM1PXnegsgHB3i2XWQhRKorSNuTPE1hk4wvtpVZcAVt45i66AaMP1kAWrDnQg0bYbM5bKRB3kzTHYb0gBVD%2B457t%2FJPKMwSIc0stbdJ8SYzBJrUTrVmuhi1Ooq%2FGQZusgmHHi%2FDwK7pwHZhNuWrlz6Ek%2Bs4M2YmaAwB7HrD0lIgdlhlSmvtkF4HA8d%2FeKonROECB8zUi5Q%3D%3D
[debug] [2026-02-12T08:14:17.948Z] >>> [apiv2][body] PUT https://storage.googleapis.com/gcf-v2-uploads-492450530050.asia-south2.cloudfunctions.appspot.com/3ad60c8e-6508-41ff-9418-f87a2114c9cf.zip [stream]
[debug] [2026-02-12T08:14:18.056Z] <<< [apiv2][status] PUT https://storage.googleapis.com/gcf-v2-uploads-492450530050.asia-south2.cloudfunctions.appspot.com/3ad60c8e-6508-41ff-9418-f87a2114c9cf.zip 200
[debug] [2026-02-12T08:14:18.057Z] <<< [apiv2][body] PUT https://storage.googleapis.com/gcf-v2-uploads-492450530050.asia-south2.cloudfunctions.appspot.com/3ad60c8e-6508-41ff-9418-f87a2114c9cf.zip [omitted]
[info] +  functions: functions source uploaded successfully 
[info] i  functions: Skipping the deploy of unchanged functions. 
[info] i  functions: Skipping the deploy of unchanged functions. 
[info] +  functions[sendPushNotification(asia-south2)] Skipped (No changes detected) 
[info] +  functions[updateFCMToken(asia-south2)] Skipped (No changes detected) 
[info] +  functions[sendTestNotification(asia-south2)] Skipped (No changes detected) 
[info] +  functions[cleanupOldNotifications(asia-south1)] Skipped (No changes detected) 
[info] i  functions: deleting Node.js 24 (2nd Gen) function cleanupOldNotifications(asia-south2)... 
[debug] [2026-02-12T08:14:18.065Z] Checked if tokens are valid: true, expires at: 1770887528064
[debug] [2026-02-12T08:14:18.065Z] Checked if tokens are valid: true, expires at: 1770887528064
[debug] [2026-02-12T08:14:18.065Z] >>> [apiv2][query] DELETE https://cloudscheduler.googleapis.com/v1/projects/jpcopanel/locations/asia-south2/jobs/firebase-schedule-cleanupOldNotifications-asia-south2 [none]
[debug] [2026-02-12T08:14:18.198Z] <<< [apiv2][status] DELETE https://cloudscheduler.googleapis.com/v1/projects/jpcopanel/locations/asia-south2/jobs/firebase-schedule-cleanupOldNotifications-asia-south2 400
[debug] [2026-02-12T08:14:18.199Z] <<< [apiv2][body] DELETE https://cloudscheduler.googleapis.com/v1/projects/jpcopanel/locations/asia-south2/jobs/firebase-schedule-cleanupOldNotifications-asia-south2 {"error":{"code":400,"message":"Location 'asia-south2' is not a valid location. Use ListLocations to list valid locations.","status":"INVALID_ARGUMENT"}}
[error] Request to https://cloudscheduler.googleapis.com/v1/projects/jpcopanel/locations/asia-south2/jobs/firebase-schedule-cleanupOldNotifications-asia-south2 had HTTP Error: 400, Location 'asia-south2' is not a valid location. Use ListLocations to list valid locations.
[debug] [2026-02-12T08:14:18.208Z] Total Function Deployment time: 138
[debug] [2026-02-12T08:14:18.208Z] 1 Functions Deployed
[debug] [2026-02-12T08:14:18.208Z] 1 Functions Errored
[debug] [2026-02-12T08:14:18.208Z] 0 Function Deployments Aborted
[debug] [2026-02-12T08:14:18.209Z] Average Function Deployment time: 135
[info] 
[info] Functions deploy had errors with the following functions:
	cleanupOldNotifications(asia-south2)
[debug] [2026-02-12T08:14:18.325Z] Checked if tokens are valid: true, expires at: 1770887528064
[debug] [2026-02-12T08:14:18.325Z] Checked if tokens are valid: true, expires at: 1770887528064
[debug] [2026-02-12T08:14:18.325Z] Checked if tokens are valid: true, expires at: 1770887528064
[debug] [2026-02-12T08:14:18.325Z] Checked if tokens are valid: true, expires at: 1770887528064
[debug] [2026-02-12T08:14:18.325Z] >>> [apiv2][query] GET https://artifactregistry.googleapis.com/v1/projects/jpcopanel/locations/asia-south2/repositories/gcf-artifacts [none]
[debug] [2026-02-12T08:14:18.327Z] >>> [apiv2][query] GET https://artifactregistry.googleapis.com/v1/projects/jpcopanel/locations/asia-south1/repositories/gcf-artifacts [none]
[debug] [2026-02-12T08:14:18.999Z] <<< [apiv2][status] GET https://artifactregistry.googleapis.com/v1/projects/jpcopanel/locations/asia-south1/repositories/gcf-artifacts 200
[debug] [2026-02-12T08:14:19.000Z] <<< [apiv2][body] GET https://artifactregistry.googleapis.com/v1/projects/jpcopanel/locations/asia-south1/repositories/gcf-artifacts {"name":"projects/jpcopanel/locations/asia-south1/repositories/gcf-artifacts","format":"DOCKER","description":"This repository is created and used by Cloud Functions for storing function docker images.","labels":{"goog-managed-by":"cloudfunctions"},"createTime":"2026-02-11T08:27:13.335977Z","updateTime":"2026-02-11T16:35:51.456616Z","mode":"STANDARD_REPOSITORY","cleanupPolicies":{"firebase-functions-cleanup":{"id":"firebase-functions-cleanup","action":"DELETE","condition":{"tagState":"ANY","olderThan":"604800s"}}},"sizeBytes":"121355762","satisfiesPzs":true,"vulnerabilityScanningConfig":{"lastEnableTime":"2026-02-11T08:27:00.237921422Z","enablementState":"SCANNING_DISABLED","enablementStateReason":"API containerscanning.googleapis.com is not enabled."},"satisfiesPzi":true,"registryUri":"asia-south1-docker.pkg.dev/jpcopanel/gcf-artifacts"}
[debug] [2026-02-12T08:14:19.047Z] <<< [apiv2][status] GET https://artifactregistry.googleapis.com/v1/projects/jpcopanel/locations/asia-south2/repositories/gcf-artifacts 200
[debug] [2026-02-12T08:14:19.047Z] <<< [apiv2][body] GET https://artifactregistry.googleapis.com/v1/projects/jpcopanel/locations/asia-south2/repositories/gcf-artifacts {"name":"projects/jpcopanel/locations/asia-south2/repositories/gcf-artifacts","format":"DOCKER","description":"This repository is created and used by Cloud Functions for storing function docker images.","labels":{"goog-managed-by":"cloudfunctions"},"createTime":"2026-02-11T08:09:53.159932Z","updateTime":"2026-02-11T16:35:50.651152Z","mode":"STANDARD_REPOSITORY","cleanupPolicies":{"firebase-functions-cleanup":{"id":"firebase-functions-cleanup","action":"DELETE","condition":{"tagState":"ANY","olderThan":"604800s"}}},"sizeBytes":"133456344","vulnerabilityScanningConfig":{"lastEnableTime":"2026-02-11T08:09:40.385110990Z","enablementState":"SCANNING_DISABLED","enablementStateReason":"API containerscanning.googleapis.com is not enabled."},"satisfiesPzi":true,"registryUri":"asia-south2-docker.pkg.dev/jpcopanel/gcf-artifacts"}
[debug] [2026-02-12T08:14:19.047Z] Functions deploy failed.
[debug] [2026-02-12T08:14:19.048Z] {
  "endpoint": {
    "platform": "gcfv2",
    "id": "cleanupOldNotifications",
    "project": "jpcopanel",
    "region": "asia-south2",
    "scheduleTrigger": {},
    "entryPoint": "cleanupOldNotifications",
    "runtime": "nodejs24",
    "source": {
      "storageSource": {
        "bucket": "gcf-v2-sources-492450530050-asia-south2",
        "object": "cleanupOldNotifications/function-source.zip",
        "generation": "1770797455973153"
      }
    },
    "ingressSettings": "ALLOW_ALL",
    "environmentVariables": {
      "FIREBASE_CONFIG": "{\"projectId\":\"jpcopanel\",\"storageBucket\":\"jpcopanel.firebasestorage.app\"}",
      "GCLOUD_PROJECT": "jpcopanel",
      "EVENTARC_CLOUD_EVENT_SOURCE": "projects/jpcopanel/locations/asia-south2/services/cleanupOldNotifications",
      "FUNCTION_TARGET": "cleanupOldNotifications",
      "LOG_EXECUTION_ID": "true",
      "FUNCTION_SIGNATURE_TYPE": "http"
    },
    "timeoutSeconds": 60,
    "uri": "https://asia-south2-jpcopanel.cloudfunctions.net/cleanupOldNotifications",
    "serviceAccount": "492450530050-compute@developer.gserviceaccount.com",
    "availableMemoryMb": 256,
    "cpu": 1,
    "maxInstances": 10,
    "concurrency": 80,
    "labels": {
      "deployment-tool": "cli-firebase",
      "deployment-scheduled": "true",
      "firebase-functions-hash": "2cb7b93c462d8f41e457c924ea224c4905521c58"
    },
    "runServiceId": "cleanupoldnotifications",
    "codebase": "default",
    "hash": "2cb7b93c462d8f41e457c924ea224c4905521c58",
    "state": "ACTIVE"
  },
  "op": "delete schedule",
  "original": {
    "name": "FirebaseError",
    "children": [],
    "context": {
      "body": {
        "error": {
          "code": 400,
          "message": "Location 'asia-south2' is not a valid location. Use ListLocations to list valid locations.",
          "status": "INVALID_ARGUMENT"
        }
      },
      "response": {
        "statusCode": 400
      }
    },
    "exit": 1,
    "message": "Request to https://cloudscheduler.googleapis.com/v1/projects/jpcopanel/locations/asia-south2/jobs/firebase-schedule-cleanupOldNotifications-asia-south2 had HTTP Error: 400, Location 'asia-south2' is not a valid location. Use ListLocations to list valid locations.",
    "status": 400,
    "code": 400
  }
}
[debug] [2026-02-12T08:14:19.132Z] Error: Failed to delete schedule function cleanupOldNotifications in region asia-south2
    at C:\Users\lenevo\AppData\Roaming\npm\node_modules\firebase-tools\lib\deploy\functions\release\fabricator.js:53:11
    at process.processTicksAndRejections (node:internal/process/task_queues:103:5)
    at async Fabricator.deleteScheduleV2 (C:\Users\lenevo\AppData\Roaming\npm\node_modules\firebase-tools\lib\deploy\functions\release\fabricator.js:620:9)
    at async Fabricator.deleteTrigger (C:\Users\lenevo\AppData\Roaming\npm\node_modules\firebase-tools\lib\deploy\functions\release\fabricator.js:568:17)
    at async Fabricator.deleteEndpoint (C:\Users\lenevo\AppData\Roaming\npm\node_modules\firebase-tools\lib\deploy\functions\release\fabricator.js:172:9)
    at async handle (C:\Users\lenevo\AppData\Roaming\npm\node_modules\firebase-tools\lib\deploy\functions\release\fabricator.js:90:17)
[error] 
[error] Error: There was an error deploying functions
